{
  "stats": {
    "suites": 1,
    "tests": 1,
    "passes": 1,
    "pending": 0,
    "failures": 0,
    "start": "2024-07-14T13:33:29.283Z",
    "end": "2024-07-14T13:34:43.355Z",
    "duration": 74072,
    "testsRegistered": 1,
    "passPercent": 100,
    "pendingPercent": 0,
    "other": 0,
    "hasOther": false,
    "skipped": 0,
    "hasSkipped": false
  },
  "results": [
    {
      "uuid": "3ea8bfb1-d5ac-47bb-9f03-68b71550fd41",
      "title": "",
      "fullFile": "cypress\\e2e\\ProductSearchTest.spec.cy.js",
      "file": "cypress\\e2e\\ProductSearchTest.spec.cy.js",
      "beforeHooks": [],
      "afterHooks": [],
      "tests": [],
      "suites": [
        {
          "uuid": "f61f331c-ba7d-4478-97f9-fa578c71917a",
          "title": "Amazon Test Suite",
          "fullFile": "",
          "file": "",
          "beforeHooks": [],
          "afterHooks": [],
          "tests": [
            {
              "title": "should search for a product, add to cart, and proceed to checkout",
              "fullTitle": "Amazon Test Suite should search for a product, add to cart, and proceed to checkout",
              "timedOut": null,
              "duration": 69366,
              "state": "passed",
              "speed": "slow",
              "pass": true,
              "fail": false,
              "pending": false,
              "context": null,
              "code": "// Perform search for a product\nsearchProduct.Search('Mobile');\n// Add the product to cart\nsearchProduct.AddToCart();\n// Proceed to checkout\ncheckout.checkoutProcess();\n// Optionally, add assertions to verify the checkout process\n// For example:\n// cy.contains('Order Summary').should('be.visible');",
              "err": {},
              "uuid": "50a66c1c-e4be-4aab-8196-87306f6c5d1c",
              "parentUUID": "f61f331c-ba7d-4478-97f9-fa578c71917a",
              "isHook": false,
              "skipped": false
            }
          ],
          "suites": [],
          "passes": [
            "50a66c1c-e4be-4aab-8196-87306f6c5d1c"
          ],
          "failures": [],
          "pending": [],
          "skipped": [],
          "duration": 69366,
          "root": false,
          "rootEmpty": false,
          "_timeout": 2000
        }
      ],
      "passes": [],
      "failures": [],
      "pending": [],
      "skipped": [],
      "duration": 0,
      "root": true,
      "rootEmpty": true,
      "_timeout": 2000
    }
  ],
  "meta": {
    "mocha": {
      "version": "7.0.1"
    },
    "mochawesome": {
      "options": {
        "quiet": false,
        "reportFilename": "mochawesome",
        "saveHtml": true,
        "saveJson": true,
        "consoleReporter": "spec",
        "useInlineDiffs": false,
        "code": true
      },
      "version": "7.1.3"
    },
    "marge": {
      "options": {
        "reportDir": "cypress/reports",
        "overwrite": true,
        "html": true,
        "json": true
      },
      "version": "6.2.0"
    }
  }
}