{
  "stats": {
    "suites": 1,
    "tests": 1,
    "passes": 1,
    "pending": 0,
    "failures": 0,
    "start": "2024-07-15T09:06:48.950Z",
    "end": "2024-07-15T09:08:54.841Z",
    "duration": 125891,
    "testsRegistered": 1,
    "passPercent": 100,
    "pendingPercent": 0,
    "other": 0,
    "hasOther": false,
    "skipped": 0,
    "hasSkipped": false
  },
  "results": [
    {
      "uuid": "1e0a160f-8937-4503-b1be-05a504ac78b7",
      "title": "",
      "fullFile": "cypress\\e2e\\ProductSearchTest.spec.cy.js",
      "file": "cypress\\e2e\\ProductSearchTest.spec.cy.js",
      "beforeHooks": [],
      "afterHooks": [],
      "tests": [],
      "suites": [
        {
          "uuid": "8b33bf29-ebd4-46bd-a169-e4748e51bffa",
          "title": "Amazon Test Suite",
          "fullFile": "",
          "file": "",
          "beforeHooks": [],
          "afterHooks": [],
          "tests": [
            {
              "title": "should search for a product, add to cart, and proceed to checkout",
              "fullTitle": "Amazon Test Suite should search for a product, add to cart, and proceed to checkout",
              "timedOut": null,
              "duration": 115873,
              "state": "passed",
              "speed": "slow",
              "pass": true,
              "fail": false,
              "pending": false,
              "context": null,
              "code": "// Perform search for a product\nsearchProduct.Search('Mobile');\n// Add the product to cart\nsearchProduct.AddToCart();\n// Proceed to checkout\ncheckout.checkoutProcess();\n// Optionally, add assertions to verify the checkout process\n// For example:\n// cy.contains('Order Summary').should('be.visible');",
              "err": {},
              "uuid": "6526596a-e581-4639-92d7-5e72081aa701",
              "parentUUID": "8b33bf29-ebd4-46bd-a169-e4748e51bffa",
              "isHook": false,
              "skipped": false
            }
          ],
          "suites": [],
          "passes": [
            "6526596a-e581-4639-92d7-5e72081aa701"
          ],
          "failures": [],
          "pending": [],
          "skipped": [],
          "duration": 115873,
          "root": false,
          "rootEmpty": false,
          "_timeout": 2000
        }
      ],
      "passes": [],
      "failures": [],
      "pending": [],
      "skipped": [],
      "duration": 0,
      "root": true,
      "rootEmpty": true,
      "_timeout": 2000
    }
  ],
  "meta": {
    "mocha": {
      "version": "7.0.1"
    },
    "mochawesome": {
      "options": {
        "quiet": false,
        "reportFilename": "mochawesome",
        "saveHtml": false,
        "saveJson": true,
        "consoleReporter": "spec",
        "useInlineDiffs": false,
        "code": true
      },
      "version": "7.1.3"
    },
    "marge": {
      "options": {
        "reportDir": "cypress/reports",
        "overwrite": false,
        "html": false,
        "json": true
      },
      "version": "6.2.0"
    }
  }
}